============================= test session starts ==============================
platform linux -- Python 3.12.1, pytest-8.2.1, pluggy-1.6.0 -- /home/codespace/.python/current/bin/python3
cachedir: .pytest_cache
hypothesis profile 'default' -> database=DirectoryBasedExampleDatabase(PosixPath('/workspaces/ZoloHQ/.hypothesis/examples'))
Using --randomly-seed=1601267080
rootdir: /workspaces/ZoloHQ
configfile: pytest.ini
plugins: anyio-4.9.0, hypothesis-6.103.1, cov-5.0.0, timeout-2.3.1, asyncio-0.23.6, randomly-3.15.0
asyncio: mode=Mode.STRICT
collecting ... collected 149 items / 1 skipped

test_positions_fix.py::test_positions_fix PASSED                         [  0%]
test_api_logger_fix.py::test_ml_analytics_logging PASSED                 [  1%]
test_api_logger_fix.py::test_advanced_analytics_api FAILED               [  2%]
test_data_source_fixes.py::test_column_existence PASSED                  [  2%]
test_data_source_fixes.py::test_advanced_trading_analytics FAILED        [  3%]
test_data_source_fixes.py::test_master_control_dashboard SKIPPED (Ma...) [  4%]
test_data_source_fixes.py::test_unified_dashboard_fixes PASSED           [  4%]
test_data_source_fixes.py::test_data_source_consistency PASSED           [  5%]
tests/property/test_parser.py::test_parser_never_crashes PASSED          [  6%]
test_ai_models.py::test_dummy PASSED                                     [  6%]
test_ai_models.py::test_sentiment_analyzer PASSED                        [  7%]
test_ai_models.py::test_model_recognizer PASSED                          [  8%]
test_ai_models.py::test_anomaly_detector PASSED                          [  8%]
test_ai_models.py::test_model_integration PASSED                         [  9%]
data/tests/test_security.py::test_security PASSED                        [ 10%]
test_session_state_fix.py::test_unified_dashboard_import PASSED          [ 10%]
test_session_state_fix.py::test_session_state_logic PASSED               [ 11%]
test_concurrent_load.py::test_endpoint_concurrent SKIPPED (Required ...) [ 12%]
test_performance_optimizations.py::test_performance_optimizations PASSED [ 12%]
final_system_test.py::test_dashboard_ui_connectivity SKIPPED (Dashbo...) [ 13%]
final_system_test.py::test_api_connectivity SKIPPED (API not running...) [ 14%]
final_system_test.py::test_environment_management SKIPPED (Environme...) [ 14%]
final_system_test.py::test_safety_features SKIPPED (Safety features ...) [ 15%]
final_system_test.py::test_trading_engine SKIPPED (Trading engine AP...) [ 16%]
final_system_test.py::test_system_validation SKIPPED (System validat...) [ 16%]
final_system_test.py::test_core_system_apis SKIPPED (Core system API...) [ 17%]
tests/test_portfolio_manager.py::test_dynamic_position_sizing_zero_stop PASSED [ 18%]
tests/test_portfolio_manager.py::test_update_and_get_positions PASSED    [ 18%]
tests/test_portfolio_manager.py::test_kelly_position_sizing_negative PASSED [ 19%]
tests/test_portfolio_manager.py::test_get_advanced_analytics_empty PASSED [ 20%]
tests/test_composite_strategy.py::test_composite_strategy_mismatched_weights PASSED [ 20%]
tests/test_composite_strategy.py::test_composite_strategy_basic PASSED   [ 21%]
tests/property/test_memory_optimizer.py::test_memory_growth_is_linear PASSED [ 22%]
deprecated/test_proxy.py::test_proxy SKIPPED (SOCKS5 proxy unavailab...) [ 22%]
test_portfolio_timeout_fix.py::test_optimized_portfolio_manager PASSED   [ 23%]
test_timeout_endpoints_detailed.py::test_trading_statistics_endpoint PASSED [ 24%]
test_timeout_endpoints_detailed.py::test_cache_init_endpoint PASSED      [ 24%]
test_timeout_endpoints_detailed.py::test_production_manager_methods PASSED [ 25%]
test_timeout_endpoints.py::test_timeout_endpoints PASSED                 [ 26%]
test_api.py::test_api_endpoints PASSED                                   [ 26%]
test_bybit_production.py::test_production_wallet_and_ticker FAILED       [ 27%]
comprehensive_system_test.py::test_bybit_connector PASSED                [ 28%]
comprehensive_system_test.py::test_environment PASSED                    [ 28%]
comprehensive_system_test.py::test_production_data_manager PASSED        [ 29%]
comprehensive_system_test.py::test_api_service PASSED                    [ 30%]
comprehensive_system_test.py::test_configuration_files PASSED            [ 30%]
tests/test_backtest_engine.py::test_run_with_empty_data PASSED           [ 31%]
tests/test_backtest_engine.py::test_load_production_dynamic_tp_sl_params_missing PASSED [ 32%]
tests/test_backtest_engine.py::test_run_with_invalid_data PASSED         [ 32%]
tests/test_base_strategy.py::test_base_strategy_instantiation PASSED     [ 33%]
tests/test_base_strategy.py::test_generate_signals_and_position_size PASSED [ 34%]
test_dashboard_launches.py::test_production_config PASSED                [ 34%]
test_dashboard_launches.py::test_enhanced_dashboard_api SKIPPED (Enh...) [ 35%]
test_dashboard_launches.py::test_streamlit_dry_run SKIPPED (unified_...) [ 36%]
test_dashboard_launches.py::test_streamlit_dashboard_import SKIPPED      [ 36%]
test_dashboard_launches.py::test_streamlit_syntax_check PASSED           [ 37%]
test_real_data_connection.py::test_bybit_connector FAILED                [ 38%]
test_real_data_connection.py::test_environment_config PASSED             [ 38%]
test_real_data_connection.py::test_production_data_manager PASSED        [ 39%]
test_bybit_api_direct.py::test_bybit_api_direct PASSED                   [ 40%]
tests/test_active_memory_leak_detector.py::test_set_baseline_and_snapshot PASSED [ 40%]
tests/test_active_memory_leak_detector.py::test_generate_report PASSED   [ 41%]
tests/test_active_memory_leak_detector.py::test_analyze_memory_patterns_insufficient PASSED [ 42%]
comprehensive_performance_test.py::test_rate_limit_optimizer PASSED      [ 42%]
comprehensive_performance_test.py::test_end_to_end_workflow PASSED       [ 43%]
comprehensive_performance_test.py::test_performance_monitor PASSED       [ 44%]
comprehensive_performance_test.py::test_dashboard_integration PASSED     [ 44%]
comprehensive_performance_test.py::test_production_integration PASSED    [ 45%]
comprehensive_performance_test.py::test_cache_system PASSED              [ 46%]
comprehensive_performance_test.py::test_production_monitor PASSED        [ 46%]
test_intelligent_cache_full.py::test_concurrent_cache_stress PASSED      [ 47%]
test_intelligent_cache_full.py::test_cache_size_limit PASSED             [ 48%]
test_intelligent_cache_full.py::test_cache_stress_high_volume PASSED     [ 48%]
test_intelligent_cache_full.py::test_cache_hit_and_miss PASSED           [ 49%]
test_intelligent_cache_full.py::test_endpoint_stats PASSED               [ 50%]
test_intelligent_cache_full.py::test_cache_bypass PASSED                 [ 51%]
test_intelligent_cache_full.py::test_cache_ttl_expiration PASSED         [ 51%]
test_intelligent_cache_full.py::test_error_handling PASSED               [ 52%]
test_intelligent_cache_full.py::test_cache_eviction_lru PASSED           [ 53%]
test_production_manager.py::test_production_data_manager PASSED          [ 53%]
test_intelligent_cache.py::test_cache_size_limit PASSED                  [ 54%]
test_intelligent_cache.py::test_cache_hit_and_miss PASSED                [ 55%]
test_intelligent_cache.py::test_cache_eviction_lru PASSED                [ 55%]
test_intelligent_cache.py::test_endpoint_stats PASSED                    [ 56%]
test_intelligent_cache.py::test_error_handling PASSED                    [ 57%]
test_intelligent_cache.py::test_cache_bypass PASSED                      [ 57%]
test_intelligent_cache.py::test_cache_ttl_expiration PASSED              [ 58%]
tests/test_binance_connector.py::test_api_analytics FAILED               [ 59%]
tests/test_binance_connector.py::test_api_recommendations FAILED         [ 59%]
tests/test_binance_connector.py::test_api_audit_trail FAILED             [ 60%]
tests/test_binance_connector.py::test_db_permission_error FAILED         [ 61%]
tests/test_binance_connector.py::test_api_compliance_status FAILED       [ 61%]
tests/test_binance_connector.py::test_init_with_invalid_keys PASSED      [ 62%]
tests/test_binance_connector.py::test_get_balance_invalid_asset PASSED   [ 63%]
tests/test_binance_connector.py::test_place_order_invalid_params PASSED  [ 63%]
tests/test_binance_connector.py::test_fetch_ohlcv_invalid_symbol PASSED  [ 64%]
tests/test_binance_connector.py::test_api_edge_case FAILED               [ 65%]
tests/test_binance_connector.py::test_api_ohlcv FAILED                   [ 65%]
tests/test_binance_connector.py::test_fetch_ohlcv_async_invalid_symbol PASSED [ 66%]
test_enhanced_notification_system.py::TestEnhancedNotificationSystem::test_format_alert_message PASSED [ 67%]
test_enhanced_notification_system.py::TestEnhancedNotificationSystem::test_should_send_notification PASSED [ 67%]
test_enhanced_notification_system.py::TestEnhancedNotificationSystem::test_send_notification_disabled PASSED [ 68%]
tests/test_process_memory_manager.py::test_get_python_processes PASSED   [ 69%]
tests/test_process_memory_manager.py::test_memory_analysis_report PASSED [ 69%]
tests/test_process_memory_manager.py::test_terminate_process_safely_handles_invalid 
