============================= test session starts ==============================
platform linux -- Python 3.12.1, pytest-8.2.1, pluggy-1.6.0 -- /home/codespace/.python/current/bin/python3
cachedir: .pytest_cache
hypothesis profile 'default' -> database=DirectoryBasedExampleDatabase(PosixPath('/workspaces/ZoloHQ/.hypothesis/examples'))
Using --randomly-seed=968101593
rootdir: /workspaces/ZoloHQ
configfile: pytest.ini
plugins: anyio-4.9.0, hypothesis-6.103.1, cov-5.0.0, timeout-2.3.1, asyncio-0.23.6, randomly-3.15.0
asyncio: mode=Mode.STRICT
collecting ... collected 150 items / 1 skipped

final_system_test.py::test_safety_features SKIPPED (Safety features ...) [  0%]
final_system_test.py::test_core_system_apis SKIPPED (Core system API...) [  1%]
final_system_test.py::test_dashboard_ui_connectivity SKIPPED (Dashbo...) [  2%]
final_system_test.py::test_environment_management SKIPPED (Environme...) [  2%]
final_system_test.py::test_api_connectivity SKIPPED (API not running...) [  3%]
final_system_test.py::test_system_validation SKIPPED (System validat...) [  4%]
final_system_test.py::test_trading_engine SKIPPED (Trading engine AP...) [  4%]
tests/test_base_strategy.py::test_base_strategy_instantiation PASSED     [  5%]
tests/test_base_strategy.py::test_generate_signals_and_position_size PASSED [  6%]
deprecated/test_proxy.py::test_proxy SKIPPED (SOCKS5 proxy unavailab...) [  6%]
test_ai_models.py::test_sentiment_analyzer PASSED                        [  7%]
test_ai_models.py::test_dummy PASSED                                     [  8%]
test_ai_models.py::test_model_integration PASSED                         [  8%]
test_ai_models.py::test_anomaly_detector PASSED                          [  9%]
test_ai_models.py::test_model_recognizer PASSED                          [ 10%]
tests/test_dashboard_api.py::test_import_error_handling PASSED           [ 10%]
tests/test_dashboard_api.py::test_some_function_runs PASSED              [ 11%]
tests/test_dashboard_api.py::test_import_error PASSED                    [ 12%]
comprehensive_performance_test.py::test_cache_system PASSED              [ 12%]
comprehensive_performance_test.py::test_production_integration PASSED    [ 13%]
comprehensive_performance_test.py::test_production_monitor PASSED        [ 14%]
comprehensive_performance_test.py::test_end_to_end_workflow PASSED       [ 14%]
comprehensive_performance_test.py::test_dashboard_integration PASSED     [ 15%]
comprehensive_performance_test.py::test_rate_limit_optimizer PASSED      [ 16%]
comprehensive_performance_test.py::test_performance_monitor PASSED       [ 16%]
tests/test_data_export_import_system.py::test_create_default_templates PASSED [ 17%]
tests/test_data_export_import_system.py::test_initialize_production_data_handles_missing PASSED [ 18%]
tests/test_data_export_import_system.py::test_export_import_edge_cases PASSED [ 18%]
deprecated/test_scaler_fix.py::test_feature_categorization PASSED        [ 19%]
test_timeout_endpoints_detailed.py::test_cache_init_endpoint PASSED      [ 20%]
test_timeout_endpoints_detailed.py::test_production_manager_methods PASSED [ 20%]
test_timeout_endpoints_detailed.py::test_trading_statistics_endpoint PASSED [ 21%]
test_timeout_fixes.py::test_endpoint SKIPPED (Required fixture (url ...) [ 22%]
test_ai_models_fixed.py::test_sentiment_analyzer PASSED                  [ 22%]
test_ai_models_fixed.py::test_model_recognizer PASSED                    [ 23%]
test_ai_models_fixed.py::test_model_integration PASSED                   [ 24%]
test_ai_models_fixed.py::test_anomaly_detector PASSED                    [ 24%]
simple_api_test.py::test_simple ERROR                                    [ 25%]
quick_launch_test.py::test_dashboard_import PASSED                       [ 26%]
test_intelligent_cache.py::test_error_handling PASSED                    [ 26%]
test_intelligent_cache.py::test_cache_eviction_lru PASSED                [ 27%]
test_intelligent_cache.py::test_cache_hit_and_miss PASSED                [ 28%]
test_intelligent_cache.py::test_cache_size_limit PASSED                  [ 28%]
test_intelligent_cache.py::test_endpoint_stats PASSED                    [ 29%]
test_intelligent_cache.py::test_cache_bypass PASSED                      [ 30%]
test_intelligent_cache.py::test_cache_ttl_expiration PASSED              [ 30%]
test_advanced_alert_management.py::TestAdvancedAlertManagement::test_alert_statistics PASSED [ 31%]
test_advanced_alert_management.py::TestAdvancedAlertManagement::test_generate_performance_alerts PASSED [ 32%]
test_advanced_alert_management.py::TestAdvancedAlertManagement::test_generate_risk_alerts PASSED [ 32%]
test_advanced_alert_management.py::TestAdvancedAlertManagement::test_generate_system_alerts PASSED [ 33%]
test_production_manager_detailed.py::test_production_manager_detailed PASSED [ 34%]
test_production_manager.py::test_production_data_manager PASSED          [ 34%]
test_bybit_api_direct.py::test_bybit_api_direct PASSED                   [ 35%]
tests/test_active_memory_leak_detector.py::test_analyze_memory_patterns_insufficient PASSED [ 36%]
tests/test_active_memory_leak_detector.py::test_generate_report PASSED   [ 36%]
tests/test_active_memory_leak_detector.py::test_set_baseline_and_snapshot PASSED [ 37%]
tests/property/test_parser.py::test_parser_never_crashes PASSED          [ 38%]
test_timeout_endpoints.py::test_timeout_endpoints PASSED                 [ 38%]
test_concurrent_load.py::test_endpoint_concurrent SKIPPED (Required ...) [ 39%]
test_cache_fix_validation.py::test_enhanced_dashboard_api_endpoints PASSED [ 40%]
test_typing_fix.py::test_ai_models_discovery PASSED                      [ 40%]
test_typing_fix.py::test_scalar_imports PASSED                           [ 41%]
tests/test_portfolio_manager.py::test_dynamic_position_sizing_zero_stop PASSED [ 42%]
tests/test_portfolio_manager.py::test_get_advanced_analytics_empty PASSED [ 42%]
tests/test_portfolio_manager.py::test_update_and_get_positions PASSED    [ 43%]
tests/test_portfolio_manager.py::test_kelly_position_sizing_negative PASSED [ 44%]
tests/test_backtest_engine.py::test_run_with_invalid_data PASSED         [ 44%]
tests/test_backtest_engine.py::test_load_production_dynamic_tp_sl_params_missing PASSED [ 45%]
tests/test_backtest_engine.py::test_run_with_empty_data PASSED           [ 46%]
test_positions_fix.py::test_positions_fix PASSED                         [ 46%]
tests/test_api_cache_system.py::test_cache_entry_lifecycle PASSED        [ 47%]
tests/test_api_cache_system.py::test_cache_expiry PASSED                 [ 48%]
tests/test_api_cache_system.py::test_cache_db_permission_error PASSED    [ 48%]
test_enhanced_notification_system.py::TestEnhancedNotificationSystem::test_send_notification_disabled PASSED [ 49%]
test_enhanced_notification_system.py::TestEnhancedNotificationSystem::test_format_alert_message PASSED [ 50%]
test_enhanced_notification_system.py::TestEnhancedNotificationSystem::test_should_send_notification PASSED [ 50%]
test_bybit_production.py::test_production_wallet_and_ticker FAILED       [ 51%]
test_session_state_fix.py::test_unified_dashboard_import PASSED          [ 52%]
test_session_state_fix.py::test_session_state_logic PASSED               [ 52%]
tests/test_dockerfile.py::test_dockerfile_paths PASSED                   [ 53%]
test_enhanced_api_fix.py::test_enhanced_api_portfolio SKIPPED (Enhan...) [ 54%]
tests/test_binance_connector.py::test_init_with_invalid_keys PASSED      [ 54%]
tests/test_binance_connector.py::test_get_balance_invalid_asset PASSED   [ 55%]
tests/test_binance_connector.py::test_api_ohlcv FAILED                   [ 56%]
tests/test_binance_connector.py::test_fetch_ohlcv_invalid_symbol PASSED  [ 56%]
tests/test_binance_connector.py::test_db_permission_error FAILED         [ 57%]
tests/test_binance_connector.py::test_place_order_invalid_params PASSED  [ 58%]
tests/test_binance_connector.py::test_api_recommendations FAILED         [ 58%]
tests/test_binance_connector.py::test_api_compliance_status FAILED       [ 59%]
tests/test_binance_connector.py::test_fetch_ohlcv_async_invalid_symbol PASSED [ 60%]
tests/test_binance_connector.py::test_api_edge_case FAILED               [ 60%]
tests/test_binance_connector.py::test_api_audit_trail FAILED             [ 61%]
tests/test_binance_connector.py::test_api_analytics FAILED               [ 62%]
test_api_integration.py::test_bybitconnector_ticker FAILED               [ 62%]
test_api_integration.py::test_bybitconnector_server_time FAILED          [ 63%]
test_api_integration.py::test_bybitconnector_no_credentials FAILED       [ 64%]
test_api_integration.py::test_backtest_api SKIPPED (Backtest API not...) [ 64%]
test_api_integration.py::test_bybitconnector_new_architecture_env PASSED [ 65%]
test_api_integration.py::test_local_api_health SKIPPED (Local API no...) [ 66%]
test_api_integration.py::test_bybitconnector_malformed_response FAILED   [ 66%]
test_api_integration.py::test_bybitconnector_timeout FAILED              [ 67%]
test_real_data_connection.py::test_bybit_connector FAILED                [ 68%]
test_real_data_connection.py::test_environment_config PASSED             [ 68%]
test_real_data_connection.py::test_production_data_manager PASSED        [ 69%]
test_logger_fix.py::test_import SKIPPED (Required fixture file_path ...) [ 70%]
tests/test_api_backtest.py::test_api_backtest_missing_params FAILED      [ 70%]
tests/test_api_backtest.py::test_api_backtest_invalid_strategy FAILED    [ 71%]
tests/property/test_memory_optimizer.py::test_memory_growth_is_linear PASSED [ 72%]
test_data_source_fixes.py::test_unified_dashboard_fixes PASSED           [ 72%]
test_data_source_fixes.py::test_column_existence PASSED                  [ 73%]
test_data_source_fixes.py::test_master_control_dashboard SKIPPED (Ma...) [ 74%]
test_data_source_fixes.py::test_advanced_trading_analytics FAILED        [ 74%]
test_data_source_fixes.py::test_data_source_consistency PASSED           [ 75%]
test_intelligent_cache_concurrent.py::test_concurrent_cache_stress PASSED [ 76%]
test_api.py::test_api_endpoints PASSED                                   [ 76%]
test_api_logger_fix.py::test_ml_analytics_logging PASSED                 [ 77%]
test_api_logger_fix.py::test_advanced_analytics_api FAILED               [ 78%]
test_intelligent_cache_full.py::test_cache_size_limit PASSED             [ 78%]
test_intelligent_cache_full.py::test_endpoint_stats PASSED               [ 79%]
test_intelligent_cache_full.py::test_cache_ttl_expiration PASSED         [ 80%]
test_intelligent_cache_full.py::test_cache_stress_high_volume PASSED     [ 80%]
test_intelligent_cache_full.py::test_cache_eviction_lru PASSED           [ 81%]
test_intelligent_cache_full.py::test_cache_hit_and_miss PASSED           [ 82%]
test_intelligent_cache_full.py::test_error_handling PASSED               [ 82%]
test_intelligent_cache_full.py::test_cache_bypass PASSED                 [ 83%]
test_intelligent_cache_full.py::test_concurrent_cache_stress PASSED      [ 84%]
test_api_profitability.py::test_api_profitability SKIPPED (API not a...) [ 84%]
tests/test_process_memory_manager.py::test_memory_analysis_report PASSED [ 85%]
tests/test_process_memory_manager.py::test_terminate_process_safely_handles_invalid 