tests/test_api_backtest.py::test_api_backtest_invalid_strategy PASSED    [ 16%]
quick_launch_test.py::test_dashboard_import PASSED                       [ 17%]
deprecated/test_scaler_fix.py::test_feature_categorization PASSED        [ 18%]
tests/test_backtest_engine.py::test_run_with_empty_data PASSED           [ 18%]
tests/test_backtest_engine.py::test_load_production_dynamic_tp_sl_params_missing PASSED [ 19%]
tests/test_backtest_engine.py::test_run_with_invalid_data PASSED         [ 20%]
test_advanced_alert_management.py::TestAdvancedAlertManagement::test_generate_risk_alerts PASSED [ 20%]
test_advanced_alert_management.py::TestAdvancedAlertManagement::test_generate_performance_alerts PASSED [ 21%]
test_advanced_alert_management.py::TestAdvancedAlertManagement::test_alert_statistics PASSED [ 22%]
test_advanced_alert_management.py::TestAdvancedAlertManagement::test_generate_system_alerts PASSED [ 22%]
test_api_integration.py::test_bybitconnector_ticker FAILED               [ 23%]
test_api_integration.py::test_bybitconnector_server_time FAILED          [ 24%]
test_api_integration.py::test_backtest_api SKIPPED (Backtest API not...) [ 24%]
test_api_integration.py::test_bybitconnector_new_architecture_env PASSED [ 25%]
test_api_integration.py::test_bybitconnector_no_credentials FAILED       [ 26%]
test_api_integration.py::test_bybitconnector_malformed_response FAILED   [ 26%]
test_api_integration.py::test_local_api_health SKIPPED (Local API no...) [ 27%]
test_api_integration.py::test_bybitconnector_timeout FAILED              [ 28%]
tests/test_api_cache_system.py::test_cache_db_permission_error PASSED    [ 28%]
tests/test_api_cache_system.py::test_cache_expiry FAILED                 [ 29%]
tests/test_api_cache_system.py::test_cache_entry_lifecycle FAILED        [ 30%]
test_real_data_connection.py::test_production_data_manager PASSED        [ 30%]
test_real_data_connection.py::test_bybit_connector FAILED                [ 31%]
test_real_data_connection.py::test_environment_config PASSED             [ 32%]
tests/test_composite_strategy.py::test_composite_strategy_mismatched_weights PASSED [ 32%]
tests/test_composite_strategy.py::test_composite_strategy_basic PASSED   [ 33%]
test_master_control_fix.py::test_master_control_data_source PASSED       [ 34%]
test_timeout_fixes.py::test_endpoint SKIPPED (Required fixture (url ...) [ 34%]
test_intelligent_cache.py::test_cache_eviction_lru PASSED                [ 35%]
test_intelligent_cache.py::test_error_handling PASSED                    [ 36%]
test_intelligent_cache.py::test_cache_ttl_expiration PASSED              [ 36%]
test_intelligent_cache.py::test_cache_hit_and_miss PASSED                [ 37%]
test_intelligent_cache.py::test_endpoint_stats PASSED                    [ 38%]
--
test_timeout_endpoints_detailed.py::test_trading_statistics_endpoint PASSED [ 40%]
test_timeout_endpoints_detailed.py::test_cache_init_endpoint PASSED      [ 40%]
test_timeout_endpoints_detailed.py::test_production_manager_methods PASSED [ 41%]
test_bybit_api_direct.py::test_bybit_api_direct PASSED                   [ 42%]
test_ai_models_fixed.py::test_model_integration PASSED                   [ 42%]
test_ai_models_fixed.py::test_model_recognizer PASSED                    [ 43%]
test_ai_models_fixed.py::test_sentiment_analyzer PASSED                  [ 44%]
test_ai_models_fixed.py::test_anomaly_detector PASSED                    [ 44%]
test_data_source_fixes.py::test_unified_dashboard_fixes PASSED           [ 45%]
test_data_source_fixes.py::test_data_source_consistency PASSED           [ 46%]
test_data_source_fixes.py::test_advanced_trading_analytics FAILED        [ 46%]
test_data_source_fixes.py::test_master_control_dashboard SKIPPED (Ma...) [ 47%]
test_data_source_fixes.py::test_column_existence PASSED                  [ 48%]
comprehensive_system_test.py::test_api_service PASSED                    [ 48%]
comprehensive_system_test.py::test_bybit_connector PASSED                [ 49%]
comprehensive_system_test.py::test_configuration_files PASSED            [ 50%]
comprehensive_system_test.py::test_production_data_manager PASSED        [ 51%]
comprehensive_system_test.py::test_environment PASSED                    [ 51%]
test_api.py::test_api_endpoints PASSED                                   [ 52%]
test_dashboard_launches.py::test_enhanced_dashboard_api SKIPPED (Enh...) [ 53%]
test_dashboard_launches.py::test_streamlit_dashboard_import SKIPPED      [ 53%]
test_dashboard_launches.py::test_streamlit_syntax_check PASSED           [ 54%]
test_dashboard_launches.py::test_production_config PASSED                [ 55%]
test_dashboard_launches.py::test_streamlit_dry_run SKIPPED (unified_...) [ 55%]
tests/property/test_memory_optimizer.py::test_memory_growth_is_linear PASSED [ 56%]
test_bybit_production.py::test_production_wallet_and_ticker FAILED       [ 57%]
tests/test_binance_connector.py::test_get_balance_invalid_asset PASSED   [ 57%]
tests/test_binance_connector.py::test_api_edge_case FAILED               [ 58%]
tests/test_binance_connector.py::test_api_analytics FAILED               [ 59%]
tests/test_binance_connector.py::test_db_permission_error FAILED         [ 59%]
tests/test_binance_connector.py::test_init_with_invalid_keys PASSED      [ 60%]
tests/test_binance_connector.py::test_api_recommendations FAILED         [ 61%]
tests/test_binance_connector.py::test_api_compliance_status FAILED       [ 61%]
tests/test_binance_connector.py::test_fetch_ohlcv_async_invalid_symbol PASSED [ 62%]
tests/test_binance_connector.py::test_api_ohlcv FAILED                   [ 63%]
tests/test_binance_connector.py::test_api_audit_trail FAILED             [ 63%]
tests/test_binance_connector.py::test_place_order_invalid_params PASSED  [ 64%]
tests/test_binance_connector.py::test_fetch_ohlcv_invalid_symbol PASSED  [ 65%]
test_enhanced_api_fix.py::test_enhanced_api_portfolio SKIPPED (Enhan...) [ 65%]
test_concurrent_load.py::test_endpoint_concurrent SKIPPED (Required ...) [ 66%]
deprecated/test_proxy.py::test_proxy SKIPPED (SOCKS5 proxy unavailab...) [ 67%]
test_intelligent_cache_full.py::test_error_handling PASSED               [ 67%]
test_intelligent_cache_full.py::test_cache_stress_high_volume PASSED     [ 68%]
test_intelligent_cache_full.py::test_endpoint_stats PASSED               [ 69%]
test_intelligent_cache_full.py::test_cache_eviction_lru PASSED           [ 69%]
test_intelligent_cache_full.py::test_cache_hit_and_miss PASSED           [ 70%]
--
tests/test_data_export_import_system.py::test_initialize_production_data_handles_missing PASSED [ 75%]
tests/test_data_export_import_system.py::test_create_default_templates PASSED [ 76%]
data/tests/test_security.py::test_security PASSED                        [ 77%]
final_system_test.py::test_system_validation SKIPPED (System validat...) [ 77%]
final_system_test.py::test_core_system_apis SKIPPED (Core system API...) [ 78%]
final_system_test.py::test_environment_management SKIPPED (Environme...) [ 79%]
final_system_test.py::test_api_connectivity SKIPPED (API not running...) [ 79%]
final_system_test.py::test_safety_features SKIPPED (Safety features ...) [ 80%]
final_system_test.py::test_dashboard_ui_connectivity SKIPPED (Dashbo...) [ 81%]
final_system_test.py::test_trading_engine SKIPPED (Trading engine AP...) [ 81%]
simple_api_test.py::test_simple ERROR                                    [ 82%]
test_enhanced_notification_system.py::TestEnhancedNotificationSystem::test_send_notification_disabled PASSED [ 83%]
test_enhanced_notification_system.py::TestEnhancedNotificationSystem::test_format_alert_message PASSED [ 83%]
test_enhanced_notification_system.py::TestEnhancedNotificationSystem::test_should_send_notification PASSED [ 84%]
tests/test_process_memory_manager.py::test_memory_analysis_report PASSED [ 85%]
tests/test_process_memory_manager.py::test_terminate_process_safely_handles_invalid 
